  character.cpp
d:\_university\kursinis\kursinis\character.h(82): warning C4244: 'return': conversion from 'float' to 'const int', possible loss of data
d:\_university\kursinis\kursinis\character.cpp(16): warning C4244: '=': conversion from 'int' to 'float', possible loss of data
d:\_university\kursinis\kursinis\character.cpp(163): warning C4244: '=': conversion from 'double' to 'int', possible loss of data
d:\_university\kursinis\kursinis\character.cpp(228): warning C4244: 'initializing': conversion from 'float' to 'int', possible loss of data
  CombatState.cpp
d:\_university\kursinis\kursinis\character.h(82): warning C4244: 'return': conversion from 'float' to 'const int', possible loss of data
d:\_university\kursinis\kursinis\enemy.h(30): warning C4244: 'return': conversion from 'const float' to 'const int', possible loss of data
d:\_university\kursinis\kursinis\combatstate.cpp(26): warning C4244: 'argument': conversion from 'time_t' to 'unsigned int', possible loss of data
  Enemy.cpp
d:\_university\kursinis\kursinis\enemy.h(30): warning C4244: 'return': conversion from 'const float' to 'const int', possible loss of data
d:\_university\kursinis\kursinis\enemy.cpp(12): warning C4244: '=': conversion from 'int' to 'float', possible loss of data
  Game.cpp
d:\_university\kursinis\kursinis\character.h(82): warning C4244: 'return': conversion from 'float' to 'const int', possible loss of data
d:\_university\kursinis\kursinis\enemy.h(30): warning C4244: 'return': conversion from 'const float' to 'const int', possible loss of data
  GameState.cpp
d:\_university\kursinis\kursinis\character.h(82): warning C4244: 'return': conversion from 'float' to 'const int', possible loss of data
d:\_university\kursinis\kursinis\enemy.h(30): warning C4244: 'return': conversion from 'const float' to 'const int', possible loss of data
  Inventory.cpp
  Item.cpp
  main.cpp
d:\_university\kursinis\kursinis\character.h(82): warning C4244: 'return': conversion from 'float' to 'const int', possible loss of data
d:\_university\kursinis\kursinis\enemy.h(30): warning C4244: 'return': conversion from 'const float' to 'const int', possible loss of data
  MenuStates.cpp
d:\_university\kursinis\kursinis\character.h(82): warning C4244: 'return': conversion from 'float' to 'const int', possible loss of data
d:\_university\kursinis\kursinis\enemy.h(30): warning C4244: 'return': conversion from 'const float' to 'const int', possible loss of data
d:\_university\kursinis\kursinis\menustates.cpp(317): warning C4267: 'argument': conversion from 'size_t' to 'unsigned int', possible loss of data
d:\_university\kursinis\kursinis\menustates.cpp(610): warning C4018: '<': signed/unsigned mismatch
  msg_functions.cpp
  Source.cpp
  State.cpp
  Generating Code...
  kursinis.vcxproj -> D:\_university\Kursinis\x64\Debug\kursinis.exe
