  CombatState.cpp
d:\visual studio projects default\kursinis\kursinis\character.h(82): warning C4244: 'return': conversion from 'float' to 'const int', possible loss of data
d:\visual studio projects default\kursinis\kursinis\enemy.h(30): warning C4244: 'return': conversion from 'const float' to 'const int', possible loss of data
d:\visual studio projects default\kursinis\kursinis\combatstate.cpp(26): warning C4244: 'argument': conversion from 'time_t' to 'unsigned int', possible loss of data
  Game.cpp
d:\visual studio projects default\kursinis\kursinis\character.h(82): warning C4244: 'return': conversion from 'float' to 'const int', possible loss of data
d:\visual studio projects default\kursinis\kursinis\enemy.h(30): warning C4244: 'return': conversion from 'const float' to 'const int', possible loss of data
  GameState.cpp
d:\visual studio projects default\kursinis\kursinis\character.h(82): warning C4244: 'return': conversion from 'float' to 'const int', possible loss of data
d:\visual studio projects default\kursinis\kursinis\enemy.h(30): warning C4244: 'return': conversion from 'const float' to 'const int', possible loss of data
  Inventory.cpp
  MenuStates.cpp
d:\visual studio projects default\kursinis\kursinis\character.h(82): warning C4244: 'return': conversion from 'float' to 'const int', possible loss of data
d:\visual studio projects default\kursinis\kursinis\enemy.h(30): warning C4244: 'return': conversion from 'const float' to 'const int', possible loss of data
d:\visual studio projects default\kursinis\kursinis\menustates.cpp(313): warning C4018: '<=': signed/unsigned mismatch
d:\visual studio projects default\kursinis\kursinis\menustates.cpp(315): warning C4018: '<=': signed/unsigned mismatch
d:\visual studio projects default\kursinis\kursinis\menustates.cpp(513): warning C4018: '<': signed/unsigned mismatch
d:\visual studio projects default\kursinis\kursinis\menustates.cpp(610): warning C4018: '<': signed/unsigned mismatch
  character.cpp
d:\visual studio projects default\kursinis\kursinis\character.h(82): warning C4244: 'return': conversion from 'float' to 'const int', possible loss of data
d:\visual studio projects default\kursinis\kursinis\character.cpp(16): warning C4244: '=': conversion from 'int' to 'float', possible loss of data
d:\visual studio projects default\kursinis\kursinis\character.cpp(163): warning C4244: '=': conversion from 'double' to 'int', possible loss of data
d:\visual studio projects default\kursinis\kursinis\character.cpp(228): warning C4244: 'initializing': conversion from 'float' to 'int', possible loss of data
  main.cpp
d:\visual studio projects default\kursinis\kursinis\character.h(82): warning C4244: 'return': conversion from 'float' to 'const int', possible loss of data
d:\visual studio projects default\kursinis\kursinis\enemy.h(30): warning C4244: 'return': conversion from 'const float' to 'const int', possible loss of data
  Generating Code...
  kursinis.vcxproj -> D:\Visual studio projects default\kursinis\Debug\kursinis.exe
